(2024-07-21T02:10:33Z INFO) [ferric] Logging system initialized!
(2024-07-21T02:10:33Z INFO) [ferric] Running app...
(2024-07-21T02:10:33Z INFO) [ferric] Bound to port 7878, outfacing IP is: 127.0.0.1
(2024-07-21T02:10:37Z INFO) [ferric] Connection established!
(2024-07-21T02:10:37Z INFO) [ferric::thread_pool] Sending closure to thread pool workers...
(2024-07-21T02:10:37Z INFO) [ferric::thread_pool] Worker 0 got a job, executing.
(2024-07-21T02:10:37Z INFO) [ferric] Request parsed!
(2024-07-21T02:10:37Z DEBUG) [ferric] Request: 477
(2024-07-21T02:10:37Z INFO) [ferric] Connection established!
(2024-07-21T02:10:37Z INFO) [ferric::thread_pool] Sending closure to thread pool workers...
(2024-07-21T02:10:37Z INFO) [ferric::thread_pool] Worker 1 got a job, executing.
(2024-07-21T02:10:37Z INFO) [ferric] Request parsed!
(2024-07-21T02:10:37Z DEBUG) [ferric] Request: 477
(2024-07-21T02:10:37Z INFO) [ferric] Connection established!
(2024-07-21T02:10:37Z INFO) [ferric::thread_pool] Sending closure to thread pool workers...
(2024-07-21T02:10:37Z INFO) [ferric::thread_pool] Worker 2 got a job, executing.
(2024-07-21T02:10:37Z INFO) [ferric] Request parsed!
(2024-07-21T02:10:37Z DEBUG) [ferric] Request: 477
(2024-07-21T02:10:37Z INFO) [ferric] Connection established!
(2024-07-21T02:10:37Z INFO) [ferric::thread_pool] Sending closure to thread pool workers...
(2024-07-21T02:10:37Z INFO) [ferric::thread_pool] Worker 3 got a job, executing.
(2024-07-21T02:10:37Z INFO) [ferric] Request parsed!
(2024-07-21T02:10:37Z DEBUG) [ferric] Request: 477
(2024-07-21T02:10:37Z INFO) [ferric] Connection established!
(2024-07-21T02:10:37Z INFO) [ferric::thread_pool] Sending closure to thread pool workers...
(2024-07-21T02:10:37Z INFO) [ferric::thread_pool] Worker 4 got a job, executing.
(2024-07-21T02:10:37Z INFO) [ferric] Request parsed!
(2024-07-21T02:10:37Z DEBUG) [ferric] Request: 477
(2024-07-21T02:10:37Z INFO) [ferric] Connection established!
(2024-07-21T02:10:37Z INFO) [ferric::thread_pool] Sending closure to thread pool workers...
(2024-07-21T02:10:37Z INFO) [ferric::thread_pool] Worker 0 got a job, executing.
(2024-07-21T02:10:37Z INFO) [ferric] Request parsed!
(2024-07-21T02:10:37Z DEBUG) [ferric] Request: 477
(2024-07-21T02:10:37Z INFO) [ferric] Connection established!
(2024-07-21T02:10:37Z INFO) [ferric::thread_pool] Sending closure to thread pool workers...
(2024-07-21T02:10:37Z INFO) [ferric::thread_pool] Worker 1 got a job, executing.
(2024-07-21T02:10:37Z INFO) [ferric] Request parsed!
(2024-07-21T02:10:37Z DEBUG) [ferric] Request: 477
(2024-07-21T02:10:37Z INFO) [ferric] Connection established!
(2024-07-21T02:10:37Z INFO) [ferric::thread_pool] Sending closure to thread pool workers...
(2024-07-21T02:10:37Z INFO) [ferric::thread_pool] Worker 2 got a job, executing.
(2024-07-21T02:10:37Z INFO) [ferric] Request parsed!
(2024-07-21T02:10:37Z DEBUG) [ferric] Request: 477
(2024-07-21T02:10:37Z INFO) [ferric] Connection established!
(2024-07-21T02:10:37Z INFO) [ferric::thread_pool] Sending closure to thread pool workers...
(2024-07-21T02:10:37Z INFO) [ferric::thread_pool] Worker 3 got a job, executing.
(2024-07-21T02:10:37Z INFO) [ferric] Request parsed!
(2024-07-21T02:10:37Z DEBUG) [ferric] Request: 477
(2024-07-21T02:10:37Z INFO) [ferric] Connection established!
(2024-07-21T02:10:37Z INFO) [ferric::thread_pool] Sending closure to thread pool workers...
(2024-07-21T02:10:37Z INFO) [ferric::thread_pool] Worker 4 got a job, executing.
(2024-07-21T02:10:37Z INFO) [ferric] Request parsed!
(2024-07-21T02:10:37Z DEBUG) [ferric] Request: 477
