(2024-07-21T01:58:03Z INFO) [ferric] Logging system initialized!
(2024-07-21T01:58:03Z INFO) [ferric] Running app...
(2024-07-21T01:58:03Z INFO) [ferric] Bound to port 7878, outfacing IP is: 127.0.0.1
(2024-07-21T01:58:09Z INFO) [ferric] Connection established!
(2024-07-21T01:58:09Z INFO) [ferric::thread_pool] Sending closure to thread pool workers...
(2024-07-21T01:58:09Z INFO) [ferric::thread_pool] Worker 0 got a job, executing.
(2024-07-21T01:58:09Z DEBUG) [ferric] Raw request: Ok(
    "GET / HTTP/1.1\r\nHost: 127.0.0.1:7878\r\nUser-Agent: Mozilla/5.0 (X11; Linux x86_64; rv:127.0) Gecko/20100101 Firefox/127.0\r\nAccept: text/html,application/xhtml+xml,application/xml;q=0.9,image/avif,image/webp,*/*;q=0.8\r\nAccept-Language: en-US,en;q=0.5\r\nAccept-Encoding: gzip, deflate, br, zstd\r\nDNT: 1\r\nSec-GPC: 1\r\nConnection: keep-alive\r\nUpgrade-Insecure-Requests: 1\r\nSec-Fetch-Dest: document\r\nSec-Fetch-Mode: navigate\r\nSec-Fetch-Site: none\r\nSec-Fetch-User: ?1\r\nPriority: u=1\r\n\r\n",
)
(2024-07-21T01:58:09Z INFO) [ferric] Connection established!
(2024-07-21T01:58:09Z INFO) [ferric::thread_pool] Sending closure to thread pool workers...
(2024-07-21T01:58:09Z INFO) [ferric::thread_pool] Worker 1 got a job, executing.
(2024-07-21T01:58:09Z DEBUG) [ferric] Raw request: Ok(
    "GET / HTTP/1.1\r\nHost: 127.0.0.1:7878\r\nUser-Agent: Mozilla/5.0 (X11; Linux x86_64; rv:127.0) Gecko/20100101 Firefox/127.0\r\nAccept: text/html,application/xhtml+xml,application/xml;q=0.9,image/avif,image/webp,*/*;q=0.8\r\nAccept-Language: en-US,en;q=0.5\r\nAccept-Encoding: gzip, deflate, br, zstd\r\nDNT: 1\r\nSec-GPC: 1\r\nConnection: keep-alive\r\nUpgrade-Insecure-Requests: 1\r\nSec-Fetch-Dest: document\r\nSec-Fetch-Mode: navigate\r\nSec-Fetch-Site: none\r\nSec-Fetch-User: ?1\r\nPriority: u=1\r\n\r\n",
)
(2024-07-21T01:58:09Z INFO) [ferric] Connection established!
(2024-07-21T01:58:09Z INFO) [ferric::thread_pool] Sending closure to thread pool workers...
(2024-07-21T01:58:09Z INFO) [ferric::thread_pool] Worker 2 got a job, executing.
(2024-07-21T01:58:09Z DEBUG) [ferric] Raw request: Ok(
    "GET / HTTP/1.1\r\nHost: 127.0.0.1:7878\r\nUser-Agent: Mozilla/5.0 (X11; Linux x86_64; rv:127.0) Gecko/20100101 Firefox/127.0\r\nAccept: text/html,application/xhtml+xml,application/xml;q=0.9,image/avif,image/webp,*/*;q=0.8\r\nAccept-Language: en-US,en;q=0.5\r\nAccept-Encoding: gzip, deflate, br, zstd\r\nDNT: 1\r\nSec-GPC: 1\r\nConnection: keep-alive\r\nUpgrade-Insecure-Requests: 1\r\nSec-Fetch-Dest: document\r\nSec-Fetch-Mode: navigate\r\nSec-Fetch-Site: none\r\nSec-Fetch-User: ?1\r\nPriority: u=1\r\n\r\n",
)
(2024-07-21T01:58:09Z INFO) [ferric] Connection established!
(2024-07-21T01:58:09Z INFO) [ferric::thread_pool] Sending closure to thread pool workers...
(2024-07-21T01:58:09Z INFO) [ferric::thread_pool] Worker 3 got a job, executing.
(2024-07-21T01:58:09Z DEBUG) [ferric] Raw request: Ok(
    "GET / HTTP/1.1\r\nHost: 127.0.0.1:7878\r\nUser-Agent: Mozilla/5.0 (X11; Linux x86_64; rv:127.0) Gecko/20100101 Firefox/127.0\r\nAccept: text/html,application/xhtml+xml,application/xml;q=0.9,image/avif,image/webp,*/*;q=0.8\r\nAccept-Language: en-US,en;q=0.5\r\nAccept-Encoding: gzip, deflate, br, zstd\r\nDNT: 1\r\nSec-GPC: 1\r\nConnection: keep-alive\r\nUpgrade-Insecure-Requests: 1\r\nSec-Fetch-Dest: document\r\nSec-Fetch-Mode: navigate\r\nSec-Fetch-Site: none\r\nSec-Fetch-User: ?1\r\nPriority: u=1\r\n\r\n",
)
(2024-07-21T01:58:09Z INFO) [ferric] Connection established!
(2024-07-21T01:58:09Z INFO) [ferric::thread_pool] Sending closure to thread pool workers...
(2024-07-21T01:58:09Z INFO) [ferric::thread_pool] Worker 4 got a job, executing.
(2024-07-21T01:58:09Z DEBUG) [ferric] Raw request: Ok(
    "GET / HTTP/1.1\r\nHost: 127.0.0.1:7878\r\nUser-Agent: Mozilla/5.0 (X11; Linux x86_64; rv:127.0) Gecko/20100101 Firefox/127.0\r\nAccept: text/html,application/xhtml+xml,application/xml;q=0.9,image/avif,image/webp,*/*;q=0.8\r\nAccept-Language: en-US,en;q=0.5\r\nAccept-Encoding: gzip, deflate, br, zstd\r\nDNT: 1\r\nSec-GPC: 1\r\nConnection: keep-alive\r\nUpgrade-Insecure-Requests: 1\r\nSec-Fetch-Dest: document\r\nSec-Fetch-Mode: navigate\r\nSec-Fetch-Site: none\r\nSec-Fetch-User: ?1\r\nPriority: u=1\r\n\r\n",
)
(2024-07-21T01:58:09Z INFO) [ferric] Connection established!
(2024-07-21T01:58:09Z INFO) [ferric::thread_pool] Sending closure to thread pool workers...
(2024-07-21T01:58:09Z INFO) [ferric::thread_pool] Worker 0 got a job, executing.
(2024-07-21T01:58:09Z DEBUG) [ferric] Raw request: Ok(
    "GET / HTTP/1.1\r\nHost: 127.0.0.1:7878\r\nUser-Agent: Mozilla/5.0 (X11; Linux x86_64; rv:127.0) Gecko/20100101 Firefox/127.0\r\nAccept: text/html,application/xhtml+xml,application/xml;q=0.9,image/avif,image/webp,*/*;q=0.8\r\nAccept-Language: en-US,en;q=0.5\r\nAccept-Encoding: gzip, deflate, br, zstd\r\nDNT: 1\r\nSec-GPC: 1\r\nConnection: keep-alive\r\nUpgrade-Insecure-Requests: 1\r\nSec-Fetch-Dest: document\r\nSec-Fetch-Mode: navigate\r\nSec-Fetch-Site: none\r\nSec-Fetch-User: ?1\r\nPriority: u=1\r\n\r\n",
)
(2024-07-21T01:58:09Z INFO) [ferric] Connection established!
(2024-07-21T01:58:09Z INFO) [ferric::thread_pool] Sending closure to thread pool workers...
(2024-07-21T01:58:09Z INFO) [ferric::thread_pool] Worker 1 got a job, executing.
(2024-07-21T01:58:09Z DEBUG) [ferric] Raw request: Ok(
    "GET / HTTP/1.1\r\nHost: 127.0.0.1:7878\r\nUser-Agent: Mozilla/5.0 (X11; Linux x86_64; rv:127.0) Gecko/20100101 Firefox/127.0\r\nAccept: text/html,application/xhtml+xml,application/xml;q=0.9,image/avif,image/webp,*/*;q=0.8\r\nAccept-Language: en-US,en;q=0.5\r\nAccept-Encoding: gzip, deflate, br, zstd\r\nDNT: 1\r\nSec-GPC: 1\r\nConnection: keep-alive\r\nUpgrade-Insecure-Requests: 1\r\nSec-Fetch-Dest: document\r\nSec-Fetch-Mode: navigate\r\nSec-Fetch-Site: none\r\nSec-Fetch-User: ?1\r\nPriority: u=1\r\n\r\n",
)
(2024-07-21T01:58:09Z INFO) [ferric] Connection established!
(2024-07-21T01:58:09Z INFO) [ferric::thread_pool] Sending closure to thread pool workers...
(2024-07-21T01:58:09Z INFO) [ferric::thread_pool] Worker 2 got a job, executing.
(2024-07-21T01:58:09Z DEBUG) [ferric] Raw request: Ok(
    "GET / HTTP/1.1\r\nHost: 127.0.0.1:7878\r\nUser-Agent: Mozilla/5.0 (X11; Linux x86_64; rv:127.0) Gecko/20100101 Firefox/127.0\r\nAccept: text/html,application/xhtml+xml,application/xml;q=0.9,image/avif,image/webp,*/*;q=0.8\r\nAccept-Language: en-US,en;q=0.5\r\nAccept-Encoding: gzip, deflate, br, zstd\r\nDNT: 1\r\nSec-GPC: 1\r\nConnection: keep-alive\r\nUpgrade-Insecure-Requests: 1\r\nSec-Fetch-Dest: document\r\nSec-Fetch-Mode: navigate\r\nSec-Fetch-Site: none\r\nSec-Fetch-User: ?1\r\nPriority: u=1\r\n\r\n",
)
(2024-07-21T01:58:09Z INFO) [ferric] Connection established!
(2024-07-21T01:58:09Z INFO) [ferric::thread_pool] Sending closure to thread pool workers...
(2024-07-21T01:58:09Z INFO) [ferric::thread_pool] Worker 3 got a job, executing.
(2024-07-21T01:58:09Z DEBUG) [ferric] Raw request: Ok(
    "GET / HTTP/1.1\r\nHost: 127.0.0.1:7878\r\nUser-Agent: Mozilla/5.0 (X11; Linux x86_64; rv:127.0) Gecko/20100101 Firefox/127.0\r\nAccept: text/html,application/xhtml+xml,application/xml;q=0.9,image/avif,image/webp,*/*;q=0.8\r\nAccept-Language: en-US,en;q=0.5\r\nAccept-Encoding: gzip, deflate, br, zstd\r\nDNT: 1\r\nSec-GPC: 1\r\nConnection: keep-alive\r\nUpgrade-Insecure-Requests: 1\r\nSec-Fetch-Dest: document\r\nSec-Fetch-Mode: navigate\r\nSec-Fetch-Site: none\r\nSec-Fetch-User: ?1\r\nPriority: u=1\r\n\r\n",
)
(2024-07-21T01:58:09Z INFO) [ferric] Connection established!
(2024-07-21T01:58:09Z INFO) [ferric::thread_pool] Sending closure to thread pool workers...
(2024-07-21T01:58:09Z INFO) [ferric::thread_pool] Worker 4 got a job, executing.
(2024-07-21T01:58:09Z DEBUG) [ferric] Raw request: Ok(
    "GET / HTTP/1.1\r\nHost: 127.0.0.1:7878\r\nUser-Agent: Mozilla/5.0 (X11; Linux x86_64; rv:127.0) Gecko/20100101 Firefox/127.0\r\nAccept: text/html,application/xhtml+xml,application/xml;q=0.9,image/avif,image/webp,*/*;q=0.8\r\nAccept-Language: en-US,en;q=0.5\r\nAccept-Encoding: gzip, deflate, br, zstd\r\nDNT: 1\r\nSec-GPC: 1\r\nConnection: keep-alive\r\nUpgrade-Insecure-Requests: 1\r\nSec-Fetch-Dest: document\r\nSec-Fetch-Mode: navigate\r\nSec-Fetch-Site: none\r\nSec-Fetch-User: ?1\r\nPriority: u=1\r\n\r\n",
)
